This is pdfTeX, Version 3.14159265-2.6-1.40.15 (TeX Live 2015/dev/Debian) (preloaded format=pdflatex 2015.10.23)  23 OCT 2015 21:41
entering extended mode
 restricted \write18 enabled.
 %&-line parsing enabled.
**design.tex
(./design.tex
LaTeX2e <2014/05/01>
Babel <3.9l> and hyphenation patterns for 2 languages loaded.
(/usr/share/texlive/texmf-dist/tex/latex/base/article.cls
Document Class: article 2014/09/29 v1.4h Standard LaTeX document class
(/usr/share/texlive/texmf-dist/tex/latex/base/size10.clo
File: size10.clo 2014/09/29 v1.4h Standard LaTeX file (size option)
)
\c@part=\count79
\c@section=\count80
\c@subsection=\count81
\c@subsubsection=\count82
\c@paragraph=\count83
\c@subparagraph=\count84
\c@figure=\count85
\c@table=\count86
\abovecaptionskip=\skip41
\belowcaptionskip=\skip42
\bibindent=\dimen102
)
(/usr/share/texlive/texmf-dist/tex/latex/float/float.sty
Package: float 2001/11/08 v1.3d Float enhancements (AL)
\c@float@type=\count87
\float@exts=\toks14
\float@box=\box26
\@float@everytoks=\toks15
\@floatcapt=\box27
)
(/usr/share/texlive/texmf-dist/tex/latex/graphics/graphicx.sty
Package: graphicx 2014/04/25 v1.0g Enhanced LaTeX Graphics (DPC,SPQR)

(/usr/share/texlive/texmf-dist/tex/latex/graphics/keyval.sty
Package: keyval 2014/05/08 v1.15 key=value parser (DPC)
\KV@toks@=\toks16
)
(/usr/share/texlive/texmf-dist/tex/latex/graphics/graphics.sty
Package: graphics 2009/02/05 v1.0o Standard LaTeX Graphics (DPC,SPQR)

(/usr/share/texlive/texmf-dist/tex/latex/graphics/trig.sty
Package: trig 1999/03/16 v1.09 sin cos tan (DPC)
)
(/usr/share/texlive/texmf-dist/tex/latex/latexconfig/graphics.cfg
File: graphics.cfg 2010/04/23 v1.9 graphics configuration of TeX Live
)
Package graphics Info: Driver file: pdftex.def on input line 91.

(/usr/share/texlive/texmf-dist/tex/latex/pdftex-def/pdftex.def
File: pdftex.def 2011/05/27 v0.06d Graphics/color for pdfTeX

(/usr/share/texlive/texmf-dist/tex/generic/oberdiek/infwarerr.sty
Package: infwarerr 2010/04/08 v1.3 Providing info/warning/error messages (HO)
)
(/usr/share/texlive/texmf-dist/tex/generic/oberdiek/ltxcmds.sty
Package: ltxcmds 2011/11/09 v1.22 LaTeX kernel commands for general use (HO)
)
\Gread@gobject=\count88
))
\Gin@req@height=\dimen103
\Gin@req@width=\dimen104
)
(./design.aux)
\openout1 = `design.aux'.

LaTeX Font Info:    Checking defaults for OML/cmm/m/it on input line 6.
LaTeX Font Info:    ... okay on input line 6.
LaTeX Font Info:    Checking defaults for T1/cmr/m/n on input line 6.
LaTeX Font Info:    ... okay on input line 6.
LaTeX Font Info:    Checking defaults for OT1/cmr/m/n on input line 6.
LaTeX Font Info:    ... okay on input line 6.
LaTeX Font Info:    Checking defaults for OMS/cmsy/m/n on input line 6.
LaTeX Font Info:    ... okay on input line 6.
LaTeX Font Info:    Checking defaults for OMX/cmex/m/n on input line 6.
LaTeX Font Info:    ... okay on input line 6.
LaTeX Font Info:    Checking defaults for U/cmr/m/n on input line 6.
LaTeX Font Info:    ... okay on input line 6.
 (/usr/share/texlive/texmf-dist/tex/context/base/supp-pdf.mkii
[Loading MPS to PDF converter (version 2006.09.02).]
\scratchcounter=\count89
\scratchdimen=\dimen105
\scratchbox=\box28
\nofMPsegments=\count90
\nofMParguments=\count91
\everyMPshowfont=\toks17
\MPscratchCnt=\count92
\MPscratchDim=\dimen106
\MPnumerator=\count93
\makeMPintoPDFobject=\count94
\everyMPtoPDFconversion=\toks18
) (/usr/share/texlive/texmf-dist/tex/generic/oberdiek/pdftexcmds.sty
Package: pdftexcmds 2011/11/29 v0.20 Utility functions of pdfTeX for LuaTeX (HO
)

(/usr/share/texlive/texmf-dist/tex/generic/oberdiek/ifluatex.sty
Package: ifluatex 2010/03/01 v1.3 Provides the ifluatex switch (HO)
Package ifluatex Info: LuaTeX not detected.
)
(/usr/share/texlive/texmf-dist/tex/generic/oberdiek/ifpdf.sty
Package: ifpdf 2011/01/30 v2.3 Provides the ifpdf switch (HO)
Package ifpdf Info: pdfTeX in PDF mode is detected.
)
Package pdftexcmds Info: LuaTeX not detected.
Package pdftexcmds Info: \pdf@primitive is available.
Package pdftexcmds Info: \pdf@ifprimitive is available.
Package pdftexcmds Info: \pdfdraftmode found.
)
(/usr/share/texlive/texmf-dist/tex/latex/oberdiek/epstopdf-base.sty
Package: epstopdf-base 2010/02/09 v2.5 Base part for package epstopdf

(/usr/share/texlive/texmf-dist/tex/latex/oberdiek/grfext.sty
Package: grfext 2010/08/19 v1.1 Manage graphics extensions (HO)

(/usr/share/texlive/texmf-dist/tex/generic/oberdiek/kvdefinekeys.sty
Package: kvdefinekeys 2011/04/07 v1.3 Define keys (HO)
))
(/usr/share/texlive/texmf-dist/tex/latex/oberdiek/kvoptions.sty
Package: kvoptions 2011/06/30 v3.11 Key value format for package options (HO)

(/usr/share/texlive/texmf-dist/tex/generic/oberdiek/kvsetkeys.sty
Package: kvsetkeys 2012/04/25 v1.16 Key value parser (HO)

(/usr/share/texlive/texmf-dist/tex/generic/oberdiek/etexcmds.sty
Package: etexcmds 2011/02/16 v1.5 Avoid name clashes with e-TeX commands (HO)
Package etexcmds Info: Could not find \expanded.
(etexcmds)             That can mean that you are not using pdfTeX 1.50 or
(etexcmds)             that some package has redefined \expanded.
(etexcmds)             In the latter case, load this package earlier.
)))
Package grfext Info: Graphics extension search list:
(grfext)             [.png,.pdf,.jpg,.mps,.jpeg,.jbig2,.jb2,.PNG,.PDF,.JPG,.JPE
G,.JBIG2,.JB2,.eps]
(grfext)             \AppendGraphicsExtensions on input line 452.

(/usr/share/texlive/texmf-dist/tex/latex/latexconfig/epstopdf-sys.cfg
File: epstopdf-sys.cfg 2010/07/13 v1.3 Configuration of (r)epstopdf for TeX Liv
e
))
LaTeX Font Info:    External font `cmex10' loaded for size
(Font)              <7> on input line 16.
LaTeX Font Info:    External font `cmex10' loaded for size
(Font)              <5> on input line 16.
Missing character: There is no â in font cmr10!
Missing character: There is no € in font cmr10!
Missing character: There is no ˜ in font cmr10!
Missing character: There is no â in font cmr10!
Missing character: There is no € in font cmr10!
Missing character: There is no ™ in font cmr10!
Missing character: There is no â in font cmr10!
Missing character: There is no € in font cmr10!
Missing character: There is no ™ in font cmr10!
Missing character: There is no â in font cmr10!
Missing character: There is no € in font cmr10!
Missing character: There is no ™ in font cmr10!

Underfull \vbox (badness 1210) has occurred while \output is active []

 [1

{/var/lib/texmf/fonts/map/pdftex/updmap/pdftex.map}]
Package epstopdf Info: Source file: <FeatureExtractionModule.eps>
(epstopdf)                    date: 2015-10-22 20:35:26
(epstopdf)                    size: 412846 bytes
(epstopdf)             Output file: <FeatureExtractionModule-eps-converted-to.p
df>
(epstopdf)                    date: 2015-10-22 20:38:02
(epstopdf)                    size: 85108 bytes
(epstopdf)             Command: <repstopdf --outfile=FeatureExtractionModule-ep
s-converted-to.pdf FeatureExtractionModule.eps>
(epstopdf)             \includegraphics on input line 97.
Package epstopdf Info: Output file is already uptodate.

<FeatureExtractionModule-eps-converted-to.pdf, id=9, 816.04875pt x 846.16125pt>
File: FeatureExtractionModule-eps-converted-to.pdf Graphic file (type pdf)
<use FeatureExtractionModule-eps-converted-to.pdf>
Package pdftex.def Info: FeatureExtractionModule-eps-converted-to.pdf used on i
nput line 97.
(pdftex.def)             Requested size: 345.0pt x 357.73517pt.

Underfull \vbox (badness 10000) has occurred while \output is active []

 [2]
Package epstopdf Info: Source file: <ExtractionDetails.eps>
(epstopdf)                    date: 2015-10-22 21:16:59
(epstopdf)                    size: 393678 bytes
(epstopdf)             Output file: <ExtractionDetails-eps-converted-to.pdf>
(epstopdf)                    date: 2015-10-22 21:21:45
(epstopdf)                    size: 79813 bytes
(epstopdf)             Command: <repstopdf --outfile=ExtractionDetails-eps-conv
erted-to.pdf ExtractionDetails.eps>
(epstopdf)             \includegraphics on input line 106.
Package epstopdf Info: Output file is already uptodate.

<ExtractionDetails-eps-converted-to.pdf, id=13, 573.14125pt x 485.815pt>
File: ExtractionDetails-eps-converted-to.pdf Graphic file (type pdf)

<use ExtractionDetails-eps-converted-to.pdf>
Package pdftex.def Info: ExtractionDetails-eps-converted-to.pdf used on input l
ine 106.
(pdftex.def)             Requested size: 345.0pt x 292.4401pt.

Underfull \vbox (badness 10000) has occurred while \output is active []

 [3 <./FeatureExtractionModule-eps-converted-to.pdf>]
Package epstopdf Info: Source file: <PredictionModule.eps>
(epstopdf)                    date: 2015-10-22 21:03:37
(epstopdf)                    size: 157394 bytes
(epstopdf)             Output file: <PredictionModule-eps-converted-to.pdf>
(epstopdf)                    date: 2015-10-22 21:21:45
(epstopdf)                    size: 35391 bytes
(epstopdf)             Command: <repstopdf --outfile=PredictionModule-eps-conve
rted-to.pdf PredictionModule.eps>
(epstopdf)             \includegraphics on input line 123.
Package epstopdf Info: Output file is already uptodate.

<PredictionModule-eps-converted-to.pdf, id=19, 456.70625pt x 456.70625pt>
File: PredictionModule-eps-converted-to.pdf Graphic file (type pdf)

<use PredictionModule-eps-converted-to.pdf>
Package pdftex.def Info: PredictionModule-eps-converted-to.pdf used on input li
ne 123.
(pdftex.def)             Requested size: 345.0pt x 345.00972pt.

Underfull \vbox (badness 10000) has occurred while \output is active []

 [4 <./ExtractionDetails-eps-converted-to.pdf>]

LaTeX Warning: Reference `' on page 5 undefined on input line 136.

Package epstopdf Info: Source file: <ClassDiagramValidate.eps>
(epstopdf)                    date: 2015-10-23 21:26:01
(epstopdf)                    size: 279306 bytes
(epstopdf)             Output file: <ClassDiagramValidate-eps-converted-to.pdf>

(epstopdf)                    date: 2015-10-23 21:36:25
(epstopdf)                    size: 60868 bytes
(epstopdf)             Command: <repstopdf --outfile=ClassDiagramValidate-eps-c
onverted-to.pdf ClassDiagramValidate.eps>
(epstopdf)             \includegraphics on input line 150.
Package epstopdf Info: Output file is already uptodate.
<ClassDiagramValidate-eps-converted-to.pdf, id=25, 588.1975pt x 349.305pt>
File: ClassDiagramValidate-eps-converted-to.pdf Graphic file (type pdf)

<use ClassDiagramValidate-eps-converted-to.pdf>
Package pdftex.def Info: ClassDiagramValidate-eps-converted-to.pdf used on inpu
t line 150.
(pdftex.def)             Requested size: 345.0pt x 204.87825pt.
 [5 <./PredictionModule-eps-converted-to.pdf>]
Underfull \hbox (badness 2707) in paragraph at lines 172--173
[]\OT1/cmr/m/n/10 Recovered in-for-ma-tion (lost due to
 []


Overfull \hbox (48.0pt too wide) in paragraph at lines 170--175
[] 
 []

[6 <./ClassDiagramValidate-eps-converted-to.pdf>] (./design.aux)

LaTeX Warning: There were undefined references.

 ) 
Here is how much of TeX's memory you used:
 1568 strings out of 495020
 22765 string characters out of 6181323
 78639 words of memory out of 5000000
 4781 multiletter control sequences out of 15000+600000
 5158 words of font info for 19 fonts, out of 8000000 for 9000
 14 hyphenation exceptions out of 8191
 37i,8n,23p,232b,223s stack positions out of 5000i,500n,10000p,200000b,80000s
</usr/share/texlive/texmf-dist/fonts/type1/public/amsfonts/cm/cmbx10.pfb></us
r/share/texlive/texmf-dist/fonts/type1/public/amsfonts/cm/cmbx12.pfb></usr/shar
e/texlive/texmf-dist/fonts/type1/public/amsfonts/cm/cmmi7.pfb></usr/share/texli
ve/texmf-dist/fonts/type1/public/amsfonts/cm/cmr10.pfb>
Output written on design.pdf (6 pages, 320370 bytes).
PDF statistics:
 51 PDF objects out of 1000 (max. 8388607)
 34 compressed objects within 1 object stream
 0 named destinations out of 1000 (max. 500000)
 21 words of extra memory for PDF output out of 10000 (max. 10000000)

